<?xml version="1.0" encoding="UTF-8"?>
<!-- Generated by org.testng.reporters.JUnitReportReporter -->
<testsuite hostname="Mac.WONLINK" failures="0" tests="1" name="part1.FirstSeleniumTest" time="5.260" errors="0" timestamp="2025-08-10T22:45:42 BST" skipped="0">
  <testcase classname="part1.FirstSeleniumTest" name="testLoggin" time="5.260"/>
</testsuite> <!-- part1.FirstSeleniumTest -->
